{"C:\\Users\\CamilaPessoa\\Documents\\Futureproof\\postit_project\\blog_project_server\\app.js": {"path":"C:\\Users\\CamilaPessoa\\Documents\\Futureproof\\postit_project\\blog_project_server\\app.js","statementMap":{"0":{"start":{"line":1,"column":16},"end":{"line":1,"column":34}},"1":{"start":{"line":2,"column":12},"end":{"line":2,"column":21}},"2":{"start":{"line":3,"column":13},"end":{"line":3,"column":28}},"3":{"start":{"line":5,"column":0},"end":{"line":5,"column":15}},"4":{"start":{"line":6,"column":0},"end":{"line":6,"column":23}},"5":{"start":{"line":8,"column":13},"end":{"line":8,"column":36}},"6":{"start":{"line":11,"column":0},"end":{"line":13,"column":2}},"7":{"start":{"line":12,"column":4},"end":{"line":12,"column":27}},"8":{"start":{"line":15,"column":0},"end":{"line":17,"column":2}},"9":{"start":{"line":16,"column":4},"end":{"line":16,"column":18}},"10":{"start":{"line":19,"column":0},"end":{"line":29,"column":6}},"11":{"start":{"line":21,"column":4},"end":{"line":28,"column":7}},"12":{"start":{"line":22,"column":8},"end":{"line":22,"column":45}},"13":{"start":{"line":26,"column":6},"end":{"line":26,"column":89}},"14":{"start":{"line":32,"column":0},"end":{"line":50,"column":2}},"15":{"start":{"line":34,"column":22},"end":{"line":34,"column":83}},"16":{"start":{"line":35,"column":21},"end":{"line":35,"column":35}},"17":{"start":{"line":36,"column":20},"end":{"line":36,"column":40}},"18":{"start":{"line":37,"column":23},"end":{"line":37,"column":39}},"19":{"start":{"line":38,"column":19},"end":{"line":38,"column":31}},"20":{"start":{"line":39,"column":21},"end":{"line":39,"column":23}},"21":{"start":{"line":42,"column":18},"end":{"line":42,"column":126}},"22":{"start":{"line":46,"column":4},"end":{"line":46,"column":28}},"23":{"start":{"line":48,"column":4},"end":{"line":48,"column":33}},"24":{"start":{"line":52,"column":0},"end":{"line":56,"column":4}},"25":{"start":{"line":54,"column":4},"end":{"line":54,"column":50}},"26":{"start":{"line":58,"column":0},"end":{"line":69,"column":2}},"27":{"start":{"line":60,"column":2},"end":{"line":68,"column":3}},"28":{"start":{"line":62,"column":4},"end":{"line":62,"column":78}},"29":{"start":{"line":66,"column":4},"end":{"line":66,"column":117}},"30":{"start":{"line":71,"column":0},"end":{"line":82,"column":2}},"31":{"start":{"line":73,"column":23},"end":{"line":73,"column":91}},"32":{"start":{"line":74,"column":28},"end":{"line":74,"column":44}},"33":{"start":{"line":76,"column":19},"end":{"line":76,"column":65}},"34":{"start":{"line":78,"column":2},"end":{"line":78,"column":55}},"35":{"start":{"line":80,"column":4},"end":{"line":80,"column":36}},"36":{"start":{"line":84,"column":0},"end":{"line":91,"column":2}},"37":{"start":{"line":86,"column":18},"end":{"line":86,"column":44}},"38":{"start":{"line":88,"column":2},"end":{"line":88,"column":30}},"39":{"start":{"line":90,"column":2},"end":{"line":90,"column":25}},"40":{"start":{"line":93,"column":0},"end":{"line":101,"column":2}},"41":{"start":{"line":95,"column":18},"end":{"line":95,"column":49}},"42":{"start":{"line":96,"column":21},"end":{"line":96,"column":83}},"43":{"start":{"line":98,"column":2},"end":{"line":98,"column":51}},"44":{"start":{"line":100,"column":2},"end":{"line":100,"column":25}},"45":{"start":{"line":103,"column":0},"end":{"line":103,"column":21}}},"fnMap":{"0":{"name":"(anonymous_0)","decl":{"start":{"line":11,"column":13},"end":{"line":11,"column":14}},"loc":{"start":{"line":11,"column":27},"end":{"line":13,"column":1}},"line":11},"1":{"name":"(anonymous_1)","decl":{"start":{"line":15,"column":18},"end":{"line":15,"column":19}},"loc":{"start":{"line":15,"column":32},"end":{"line":17,"column":1}},"line":15},"2":{"name":"(anonymous_2)","decl":{"start":{"line":19,"column":22},"end":{"line":19,"column":23}},"loc":{"start":{"line":19,"column":36},"end":{"line":29,"column":5}},"line":19},"3":{"name":"(anonymous_3)","decl":{"start":{"line":32,"column":19},"end":{"line":32,"column":20}},"loc":{"start":{"line":32,"column":33},"end":{"line":50,"column":1}},"line":32},"4":{"name":"(anonymous_4)","decl":{"start":{"line":52,"column":31},"end":{"line":52,"column":32}},"loc":{"start":{"line":52,"column":45},"end":{"line":56,"column":3}},"line":52},"5":{"name":"(anonymous_5)","decl":{"start":{"line":58,"column":46},"end":{"line":58,"column":47}},"loc":{"start":{"line":58,"column":60},"end":{"line":69,"column":1}},"line":58},"6":{"name":"(anonymous_6)","decl":{"start":{"line":71,"column":32},"end":{"line":71,"column":33}},"loc":{"start":{"line":71,"column":46},"end":{"line":82,"column":1}},"line":71},"7":{"name":"(anonymous_7)","decl":{"start":{"line":84,"column":25},"end":{"line":84,"column":26}},"loc":{"start":{"line":84,"column":39},"end":{"line":91,"column":1}},"line":84},"8":{"name":"(anonymous_8)","decl":{"start":{"line":93,"column":49},"end":{"line":93,"column":50}},"loc":{"start":{"line":93,"column":63},"end":{"line":101,"column":1}},"line":93}},"branchMap":{"0":{"loc":{"start":{"line":21,"column":4},"end":{"line":28,"column":7}},"type":"if","locations":[{"start":{"line":21,"column":4},"end":{"line":28,"column":7}},{"start":{"line":24,"column":11},"end":{"line":28,"column":7}}],"line":21},"1":{"loc":{"start":{"line":60,"column":2},"end":{"line":68,"column":3}},"type":"if","locations":[{"start":{"line":60,"column":2},"end":{"line":68,"column":3}},{"start":{"line":64,"column":9},"end":{"line":68,"column":3}}],"line":60}},"s":{"0":1,"1":1,"2":1,"3":1,"4":1,"5":1,"6":1,"7":1,"8":1,"9":1,"10":1,"11":2,"12":1,"13":1,"14":1,"15":1,"16":1,"17":1,"18":1,"19":1,"20":1,"21":1,"22":1,"23":1,"24":1,"25":1,"26":1,"27":2,"28":1,"29":1,"30":1,"31":1,"32":1,"33":1,"34":1,"35":1,"36":1,"37":1,"38":1,"39":1,"40":1,"41":1,"42":1,"43":1,"44":1,"45":1},"f":{"0":1,"1":1,"2":2,"3":1,"4":1,"5":2,"6":1,"7":1,"8":1},"b":{"0":[1,1],"1":[1,1]},"_coverageSchema":"1a1c01bbd47fc00a2c39e90264f33305004495a9","hash":"6dd2530d3c837e8e6c10f19d05b5ec4177ac1591"}
}
