{"C:\\Users\\CamilaPessoa\\Documents\\Futureproof\\postit_project\\blog_project_server\\app.js": {"path":"C:\\Users\\CamilaPessoa\\Documents\\Futureproof\\postit_project\\blog_project_server\\app.js","statementMap":{"0":{"start":{"line":1,"column":16},"end":{"line":1,"column":34}},"1":{"start":{"line":2,"column":12},"end":{"line":2,"column":21}},"2":{"start":{"line":3,"column":13},"end":{"line":3,"column":28}},"3":{"start":{"line":4,"column":11},"end":{"line":4,"column":24}},"4":{"start":{"line":6,"column":0},"end":{"line":6,"column":15}},"5":{"start":{"line":7,"column":0},"end":{"line":7,"column":23}},"6":{"start":{"line":9,"column":17},"end":{"line":9,"column":31}},"7":{"start":{"line":10,"column":13},"end":{"line":10,"column":36}},"8":{"start":{"line":13,"column":0},"end":{"line":15,"column":2}},"9":{"start":{"line":14,"column":4},"end":{"line":14,"column":27}},"10":{"start":{"line":19,"column":0},"end":{"line":21,"column":2}},"11":{"start":{"line":20,"column":4},"end":{"line":20,"column":18}},"12":{"start":{"line":23,"column":0},"end":{"line":33,"column":6}},"13":{"start":{"line":25,"column":4},"end":{"line":32,"column":7}},"14":{"start":{"line":26,"column":8},"end":{"line":26,"column":45}},"15":{"start":{"line":30,"column":6},"end":{"line":30,"column":89}},"16":{"start":{"line":35,"column":0},"end":{"line":60,"column":2}},"17":{"start":{"line":37,"column":22},"end":{"line":37,"column":83}},"18":{"start":{"line":38,"column":21},"end":{"line":38,"column":35}},"19":{"start":{"line":39,"column":20},"end":{"line":39,"column":40}},"20":{"start":{"line":40,"column":23},"end":{"line":40,"column":39}},"21":{"start":{"line":41,"column":19},"end":{"line":41,"column":31}},"22":{"start":{"line":42,"column":23},"end":{"line":42,"column":60}},"23":{"start":{"line":43,"column":21},"end":{"line":43,"column":23}},"24":{"start":{"line":46,"column":18},"end":{"line":46,"column":150}},"25":{"start":{"line":50,"column":4},"end":{"line":50,"column":28}},"26":{"start":{"line":58,"column":4},"end":{"line":58,"column":33}},"27":{"start":{"line":62,"column":0},"end":{"line":75,"column":2}},"28":{"start":{"line":64,"column":18},"end":{"line":64,"column":44}},"29":{"start":{"line":66,"column":2},"end":{"line":66,"column":30}},"30":{"start":{"line":74,"column":2},"end":{"line":74,"column":25}},"31":{"start":{"line":79,"column":0},"end":{"line":83,"column":4}},"32":{"start":{"line":81,"column":4},"end":{"line":81,"column":50}},"33":{"start":{"line":85,"column":0},"end":{"line":96,"column":2}},"34":{"start":{"line":87,"column":2},"end":{"line":95,"column":3}},"35":{"start":{"line":89,"column":4},"end":{"line":89,"column":78}},"36":{"start":{"line":93,"column":4},"end":{"line":93,"column":117}},"37":{"start":{"line":98,"column":0},"end":{"line":115,"column":2}},"38":{"start":{"line":100,"column":23},"end":{"line":100,"column":91}},"39":{"start":{"line":101,"column":28},"end":{"line":101,"column":44}},"40":{"start":{"line":103,"column":19},"end":{"line":103,"column":65}},"41":{"start":{"line":105,"column":2},"end":{"line":105,"column":55}},"42":{"start":{"line":113,"column":2},"end":{"line":113,"column":34}},"43":{"start":{"line":117,"column":0},"end":{"line":131,"column":2}},"44":{"start":{"line":119,"column":18},"end":{"line":119,"column":49}},"45":{"start":{"line":120,"column":21},"end":{"line":120,"column":83}},"46":{"start":{"line":122,"column":2},"end":{"line":122,"column":51}},"47":{"start":{"line":130,"column":2},"end":{"line":130,"column":25}},"48":{"start":{"line":135,"column":0},"end":{"line":139,"column":2}},"49":{"start":{"line":137,"column":2},"end":{"line":137,"column":46}},"50":{"start":{"line":142,"column":0},"end":{"line":174,"column":2}},"51":{"start":{"line":144,"column":14},"end":{"line":144,"column":55}},"52":{"start":{"line":145,"column":18},"end":{"line":145,"column":36}},"53":{"start":{"line":147,"column":0},"end":{"line":164,"column":3}},"54":{"start":{"line":149,"column":2},"end":{"line":161,"column":3}},"55":{"start":{"line":151,"column":4},"end":{"line":151,"column":17}},"56":{"start":{"line":153,"column":9},"end":{"line":161,"column":3}},"57":{"start":{"line":155,"column":4},"end":{"line":155,"column":19}},"58":{"start":{"line":157,"column":9},"end":{"line":161,"column":3}},"59":{"start":{"line":159,"column":6},"end":{"line":159,"column":26}},"60":{"start":{"line":163,"column":4},"end":{"line":163,"column":77}},"61":{"start":{"line":172,"column":2},"end":{"line":172,"column":29}},"62":{"start":{"line":176,"column":0},"end":{"line":176,"column":21}}},"fnMap":{"0":{"name":"(anonymous_0)","decl":{"start":{"line":13,"column":13},"end":{"line":13,"column":14}},"loc":{"start":{"line":13,"column":27},"end":{"line":15,"column":1}},"line":13},"1":{"name":"(anonymous_1)","decl":{"start":{"line":19,"column":18},"end":{"line":19,"column":19}},"loc":{"start":{"line":19,"column":32},"end":{"line":21,"column":1}},"line":19},"2":{"name":"(anonymous_2)","decl":{"start":{"line":23,"column":22},"end":{"line":23,"column":23}},"loc":{"start":{"line":23,"column":36},"end":{"line":33,"column":5}},"line":23},"3":{"name":"(anonymous_3)","decl":{"start":{"line":35,"column":19},"end":{"line":35,"column":20}},"loc":{"start":{"line":35,"column":33},"end":{"line":60,"column":1}},"line":35},"4":{"name":"(anonymous_4)","decl":{"start":{"line":62,"column":25},"end":{"line":62,"column":26}},"loc":{"start":{"line":62,"column":39},"end":{"line":75,"column":1}},"line":62},"5":{"name":"(anonymous_5)","decl":{"start":{"line":79,"column":31},"end":{"line":79,"column":32}},"loc":{"start":{"line":79,"column":45},"end":{"line":83,"column":3}},"line":79},"6":{"name":"(anonymous_6)","decl":{"start":{"line":85,"column":46},"end":{"line":85,"column":47}},"loc":{"start":{"line":85,"column":60},"end":{"line":96,"column":1}},"line":85},"7":{"name":"(anonymous_7)","decl":{"start":{"line":98,"column":32},"end":{"line":98,"column":33}},"loc":{"start":{"line":98,"column":46},"end":{"line":115,"column":1}},"line":98},"8":{"name":"(anonymous_8)","decl":{"start":{"line":117,"column":49},"end":{"line":117,"column":50}},"loc":{"start":{"line":117,"column":63},"end":{"line":131,"column":1}},"line":117},"9":{"name":"(anonymous_9)","decl":{"start":{"line":135,"column":29},"end":{"line":135,"column":30}},"loc":{"start":{"line":135,"column":43},"end":{"line":139,"column":1}},"line":135},"10":{"name":"(anonymous_10)","decl":{"start":{"line":142,"column":43},"end":{"line":142,"column":44}},"loc":{"start":{"line":142,"column":57},"end":{"line":174,"column":1}},"line":142}},"branchMap":{"0":{"loc":{"start":{"line":25,"column":4},"end":{"line":32,"column":7}},"type":"if","locations":[{"start":{"line":25,"column":4},"end":{"line":32,"column":7}},{"start":{"line":28,"column":11},"end":{"line":32,"column":7}}],"line":25},"1":{"loc":{"start":{"line":87,"column":2},"end":{"line":95,"column":3}},"type":"if","locations":[{"start":{"line":87,"column":2},"end":{"line":95,"column":3}},{"start":{"line":91,"column":9},"end":{"line":95,"column":3}}],"line":87},"2":{"loc":{"start":{"line":147,"column":0},"end":{"line":164,"column":3}},"type":"if","locations":[{"start":{"line":147,"column":0},"end":{"line":164,"column":3}},{"start":{"line":162,"column":7},"end":{"line":164,"column":3}}],"line":147},"3":{"loc":{"start":{"line":147,"column":4},"end":{"line":147,"column":68}},"type":"binary-expr","locations":[{"start":{"line":147,"column":4},"end":{"line":147,"column":20}},{"start":{"line":147,"column":24},"end":{"line":147,"column":42}},{"start":{"line":147,"column":46},"end":{"line":147,"column":68}}],"line":147},"4":{"loc":{"start":{"line":149,"column":2},"end":{"line":161,"column":3}},"type":"if","locations":[{"start":{"line":149,"column":2},"end":{"line":161,"column":3}},{"start":{"line":153,"column":9},"end":{"line":161,"column":3}}],"line":149},"5":{"loc":{"start":{"line":153,"column":9},"end":{"line":161,"column":3}},"type":"if","locations":[{"start":{"line":153,"column":9},"end":{"line":161,"column":3}},{"start":{"line":157,"column":9},"end":{"line":161,"column":3}}],"line":153},"6":{"loc":{"start":{"line":157,"column":9},"end":{"line":161,"column":3}},"type":"if","locations":[{"start":{"line":157,"column":9},"end":{"line":161,"column":3}},{"start":{},"end":{}}],"line":157}},"s":{"0":1,"1":1,"2":1,"3":1,"4":1,"5":1,"6":1,"7":1,"8":1,"9":1,"10":1,"11":1,"12":1,"13":2,"14":1,"15":1,"16":1,"17":1,"18":1,"19":1,"20":1,"21":1,"22":1,"23":1,"24":1,"25":1,"26":1,"27":1,"28":1,"29":1,"30":1,"31":1,"32":1,"33":1,"34":2,"35":1,"36":1,"37":1,"38":1,"39":1,"40":1,"41":1,"42":1,"43":1,"44":1,"45":1,"46":1,"47":1,"48":1,"49":1,"50":1,"51":4,"52":4,"53":4,"54":3,"55":1,"56":2,"57":1,"58":1,"59":1,"60":1,"61":4,"62":1},"f":{"0":1,"1":1,"2":2,"3":1,"4":1,"5":1,"6":2,"7":1,"8":1,"9":1,"10":4},"b":{"0":[1,1],"1":[1,1],"2":[3,1],"3":[4,3,2],"4":[1,2],"5":[1,1],"6":[1,0]},"_coverageSchema":"1a1c01bbd47fc00a2c39e90264f33305004495a9","hash":"9236eb340c378450fec4729c6dd2b6d7237e9b74"}
}
