TN:
SF:app.js
FN:14,(anonymous_0)
FN:20,(anonymous_1)
FN:24,(anonymous_2)
FN:36,(anonymous_3)
FN:63,(anonymous_4)
FN:84,(anonymous_5)
FN:90,(anonymous_6)
FN:103,(anonymous_7)
FN:122,(anonymous_8)
FN:144,(anonymous_9)
FN:151,(anonymous_10)
FN:185,(anonymous_11)
FNF:12
FNH:12
FNDA:1,(anonymous_0)
FNDA:1,(anonymous_1)
FNDA:2,(anonymous_2)
FNDA:1,(anonymous_3)
FNDA:2,(anonymous_4)
FNDA:1,(anonymous_5)
FNDA:2,(anonymous_6)
FNDA:1,(anonymous_7)
FNDA:1,(anonymous_8)
FNDA:1,(anonymous_9)
FNDA:5,(anonymous_10)
FNDA:3,(anonymous_11)
DA:1,1
DA:2,1
DA:3,1
DA:5,1
DA:7,1
DA:8,1
DA:10,1
DA:11,1
DA:14,1
DA:15,1
DA:20,1
DA:21,1
DA:24,1
DA:26,2
DA:27,1
DA:31,1
DA:36,1
DA:37,1
DA:39,1
DA:40,1
DA:41,1
DA:42,1
DA:43,1
DA:44,1
DA:47,1
DA:51,1
DA:59,1
DA:63,1
DA:65,2
DA:67,2
DA:69,2
DA:70,4
DA:79,2
DA:84,1
DA:86,1
DA:90,1
DA:92,2
DA:94,1
DA:98,1
DA:103,1
DA:105,1
DA:106,1
DA:108,1
DA:110,1
DA:118,1
DA:122,1
DA:124,1
DA:125,1
DA:127,1
DA:129,1
DA:130,1
DA:139,1
DA:144,1
DA:146,1
DA:151,1
DA:153,5
DA:154,5
DA:156,5
DA:158,3
DA:160,1
DA:162,2
DA:164,1
DA:166,1
DA:168,1
DA:172,2
DA:181,5
DA:185,1
DA:187,3
DA:188,3
DA:190,3
DA:192,3
DA:194,1
DA:196,2
DA:198,1
DA:200,1
DA:202,1
DA:206,0
DA:215,3
DA:219,1
LF:79
LH:78
BRDA:26,0,0,1
BRDA:26,0,1,1
BRDA:92,1,0,1
BRDA:92,1,1,1
BRDA:156,2,0,3
BRDA:156,2,1,2
BRDA:156,3,0,5
BRDA:156,3,1,4
BRDA:156,3,2,3
BRDA:158,4,0,1
BRDA:158,4,1,2
BRDA:162,5,0,1
BRDA:162,5,1,1
BRDA:166,6,0,1
BRDA:166,6,1,0
BRDA:190,7,0,3
BRDA:190,7,1,0
BRDA:190,8,0,3
BRDA:190,8,1,2
BRDA:190,8,2,1
BRDA:192,9,0,1
BRDA:192,9,1,2
BRDA:196,10,0,1
BRDA:196,10,1,1
BRDA:200,11,0,1
BRDA:200,11,1,0
BRF:26
BRH:23
end_of_record
