TN:
SF:app.js
FN:11,(anonymous_0)
FN:15,(anonymous_1)
FN:19,(anonymous_2)
FN:32,(anonymous_3)
FN:52,(anonymous_4)
FN:58,(anonymous_5)
FN:71,(anonymous_6)
FN:84,(anonymous_7)
FN:93,(anonymous_8)
FNF:9
FNH:9
FNDA:1,(anonymous_0)
FNDA:1,(anonymous_1)
FNDA:2,(anonymous_2)
FNDA:1,(anonymous_3)
FNDA:1,(anonymous_4)
FNDA:2,(anonymous_5)
FNDA:1,(anonymous_6)
FNDA:1,(anonymous_7)
FNDA:1,(anonymous_8)
DA:1,1
DA:2,1
DA:3,1
DA:5,1
DA:6,1
DA:8,1
DA:11,1
DA:12,1
DA:15,1
DA:16,1
DA:19,1
DA:21,2
DA:22,1
DA:26,1
DA:32,1
DA:34,1
DA:35,1
DA:36,1
DA:37,1
DA:38,1
DA:39,1
DA:42,1
DA:46,1
DA:48,1
DA:52,1
DA:54,1
DA:58,1
DA:60,2
DA:62,1
DA:66,1
DA:71,1
DA:73,1
DA:74,1
DA:76,1
DA:78,1
DA:80,1
DA:84,1
DA:86,1
DA:88,1
DA:90,1
DA:93,1
DA:95,1
DA:96,1
DA:98,1
DA:100,1
DA:103,1
LF:46
LH:46
BRDA:21,0,0,1
BRDA:21,0,1,1
BRDA:60,1,0,1
BRDA:60,1,1,1
BRF:4
BRH:4
end_of_record
